{"D:\\three projects\\javascript_Capstone\\src\\modules\\countItems.js": {"path":"D:\\three projects\\javascript_Capstone\\src\\modules\\countItems.js","statementMap":{"0":{"start":{"line":2,"column":24},"end":{"line":2,"column":71}},"1":{"start":{"line":3,"column":4},"end":{"line":3,"column":30}}},"fnMap":{"0":{"name":"countItems","decl":{"start":{"line":1,"column":9},"end":{"line":1,"column":19}},"loc":{"start":{"line":1,"column":22},"end":{"line":4,"column":3}},"line":1}},"branchMap":{},"s":{"0":1,"1":1},"f":{"0":1},"b":{},"_coverageSchema":"1a1c01bbd47fc00a2c39e90264f33305004495a9","hash":"5b6790be3e415abcf4dc0f5308be95e3d685bf63"}
,"D:\\three projects\\javascript_Capstone\\src\\modules\\countcomments.js": {"path":"D:\\three projects\\javascript_Capstone\\src\\modules\\countcomments.js","statementMap":{"0":{"start":{"line":1,"column":22},"end":{"line":1,"column":55}},"1":{"start":{"line":1,"column":38},"end":{"line":1,"column":55}}},"fnMap":{"0":{"name":"(anonymous_0)","decl":{"start":{"line":1,"column":22},"end":{"line":1,"column":23}},"loc":{"start":{"line":1,"column":38},"end":{"line":1,"column":55}},"line":1}},"branchMap":{},"s":{"0":1,"1":2},"f":{"0":2},"b":{},"_coverageSchema":"1a1c01bbd47fc00a2c39e90264f33305004495a9","hash":"5c5c31ff831916b148b4e9ee6001b15a41fe2dc6"}
}
