{"/Users/ssk/Desktop/javascript_Capstone/src/modules/countItems.js": {"path":"/Users/ssk/Desktop/javascript_Capstone/src/modules/countItems.js","statementMap":{"0":{"start":{"line":2,"column":22},"end":{"line":2,"column":69}},"1":{"start":{"line":3,"column":2},"end":{"line":3,"column":28}}},"fnMap":{"0":{"name":"countItems","decl":{"start":{"line":1,"column":9},"end":{"line":1,"column":19}},"loc":{"start":{"line":1,"column":22},"end":{"line":4,"column":1}},"line":1}},"branchMap":{},"s":{"0":1,"1":1},"f":{"0":1},"b":{},"_coverageSchema":"1a1c01bbd47fc00a2c39e90264f33305004495a9","hash":"af05dc333e6a15d86f7bb0257ca5ed5ad12e5d6e"}
}
